<?xml version="1.0" encoding="UTF-8"?>
<testng-results skipped="0" failed="0" ignored="0" total="0" passed="0">
  <reporter-output>
  </reporter-output>
  <suite name="com.java.exercise.TestPage" duration-ms="2" started-at="2022-02-16T18:49:35Z" finished-at="2022-02-16T18:49:35Z">
    <groups>
    </groups>
    <test name="Command line test" duration-ms="2" started-at="2022-02-16T18:49:35Z" finished-at="2022-02-16T18:49:35Z">
    </test> <!-- Command line test -->
  </suite> <!-- com.java.exercise.TestPage -->
</testng-results>
